<?xml version="1.0" encoding="UTF-8"?>
<testng-results ignored="0" total="5" passed="5" failed="0" skipped="0">
  <reporter-output>
  </reporter-output>
  <suite started-at="2024-07-16T15:55:10 IST" name="Suite" finished-at="2024-07-16T15:55:57 IST" duration-ms="46871">
    <groups>
      <group name="ErrorHandling">
        <method signature="ErrorValidation.LoginErrorValidation()[pri:0, instance:EcommerceApplicationPractice.Tests.ErrorValidation@6127a7e]" name="LoginErrorValidation" class="EcommerceApplicationPractice.Tests.ErrorValidation"/>
      </group> <!-- ErrorHandling -->
      <group name="Purchase">
        <method signature="SubmitOrderTest.submitOrder(java.util.HashMap)[pri:0, instance:EcommerceApplicationPractice.Tests.SubmitOrderTest@7803bfd]" name="submitOrder" class="EcommerceApplicationPractice.Tests.SubmitOrderTest"/>
      </group> <!-- Purchase -->
    </groups>
    <test started-at="2024-07-16T15:55:10 IST" name="Error Validation Test" finished-at="2024-07-16T15:55:44 IST" duration-ms="33426">
      <class name="EcommerceApplicationPractice.Tests.ErrorValidation">
        <test-method is-config="true" signature="launchApplication()[pri:0, instance:EcommerceApplicationPractice.Tests.ErrorValidation@6127a7e]" started-at="2024-07-16T15:55:10 IST" name="launchApplication" finished-at="2024-07-16T15:55:33 IST" duration-ms="23114" status="PASS">
          <reporter-output>
          </reporter-output>
        </test-method> <!-- launchApplication -->
        <test-method signature="LoginErrorValidation()[pri:0, instance:EcommerceApplicationPractice.Tests.ErrorValidation@6127a7e]" started-at="2024-07-16T15:55:34 IST" name="LoginErrorValidation" finished-at="2024-07-16T15:55:34 IST" duration-ms="988" status="PASS">
          <reporter-output>
          </reporter-output>
        </test-method> <!-- LoginErrorValidation -->
        <test-method is-config="true" signature="tearDown()[pri:0, instance:EcommerceApplicationPractice.Tests.ErrorValidation@6127a7e]" started-at="2024-07-16T15:55:35 IST" name="tearDown" finished-at="2024-07-16T15:55:35 IST" duration-ms="223" status="PASS">
          <reporter-output>
          </reporter-output>
        </test-method> <!-- tearDown -->
        <test-method is-config="true" signature="launchApplication()[pri:0, instance:EcommerceApplicationPractice.Tests.ErrorValidation@6127a7e]" started-at="2024-07-16T15:55:35 IST" name="launchApplication" finished-at="2024-07-16T15:55:40 IST" duration-ms="5613" status="PASS">
          <reporter-output>
          </reporter-output>
        </test-method> <!-- launchApplication -->
        <test-method signature="procucatErrorValidation()[pri:0, instance:EcommerceApplicationPractice.Tests.ErrorValidation@6127a7e]" started-at="2024-07-16T15:55:40 IST" name="procucatErrorValidation" finished-at="2024-07-16T15:55:44 IST" duration-ms="3254" status="PASS">
          <reporter-output>
          </reporter-output>
        </test-method> <!-- procucatErrorValidation -->
        <test-method is-config="true" signature="tearDown()[pri:0, instance:EcommerceApplicationPractice.Tests.ErrorValidation@6127a7e]" started-at="2024-07-16T15:55:44 IST" name="tearDown" finished-at="2024-07-16T15:55:44 IST" duration-ms="129" status="PASS">
          <reporter-output>
          </reporter-output>
        </test-method> <!-- tearDown -->
      </class> <!-- EcommerceApplicationPractice.Tests.ErrorValidation -->
    </test> <!-- Error Validation Test -->
    <test started-at="2024-07-16T15:55:10 IST" name="Submit Order Test" finished-at="2024-07-16T15:55:57 IST" duration-ms="46871">
      <class name="EcommerceApplicationPractice.Tests.SubmitOrderTest">
        <test-method is-config="true" signature="launchApplication()[pri:0, instance:EcommerceApplicationPractice.Tests.SubmitOrderTest@7803bfd]" started-at="2024-07-16T15:55:11 IST" name="launchApplication" finished-at="2024-07-16T15:55:33 IST" duration-ms="22198" status="PASS">
          <reporter-output>
          </reporter-output>
        </test-method> <!-- launchApplication -->
        <test-method signature="submitOrder(java.util.HashMap)[pri:0, instance:EcommerceApplicationPractice.Tests.SubmitOrderTest@7803bfd]" started-at="2024-07-16T15:55:33 IST" name="submitOrder" data-provider="getData" finished-at="2024-07-16T15:55:38 IST" duration-ms="4939" status="PASS">
          <params>
            <param index="0">
              <value>
                <![CDATA[{password=Padashetty=2110, produtName=ZARA COAT 3, email=sharanpadashetty637@gmail.com}]]>
              </value>
            </param>
          </params>
          <reporter-output>
          </reporter-output>
        </test-method> <!-- submitOrder -->
        <test-method is-config="true" signature="tearDown()[pri:0, instance:EcommerceApplicationPractice.Tests.SubmitOrderTest@7803bfd]" started-at="2024-07-16T15:55:38 IST" name="tearDown" finished-at="2024-07-16T15:55:38 IST" duration-ms="111" status="PASS">
          <reporter-output>
          </reporter-output>
        </test-method> <!-- tearDown -->
        <test-method is-config="true" signature="launchApplication()[pri:0, instance:EcommerceApplicationPractice.Tests.SubmitOrderTest@7803bfd]" started-at="2024-07-16T15:55:38 IST" name="launchApplication" finished-at="2024-07-16T15:55:43 IST" duration-ms="4787" status="PASS">
          <reporter-output>
          </reporter-output>
        </test-method> <!-- launchApplication -->
        <test-method signature="submitOrder(java.util.HashMap)[pri:0, instance:EcommerceApplicationPractice.Tests.SubmitOrderTest@7803bfd]" started-at="2024-07-16T15:55:43 IST" name="submitOrder" data-provider="getData" finished-at="2024-07-16T15:55:49 IST" duration-ms="5670" status="PASS">
          <params>
            <param index="0">
              <value>
                <![CDATA[{password=Sap@1234, produtName=ZARA COAT 3, email=sharanpadashetty637@outlook.com}]]>
              </value>
            </param>
          </params>
          <reporter-output>
          </reporter-output>
        </test-method> <!-- submitOrder -->
        <test-method is-config="true" signature="tearDown()[pri:0, instance:EcommerceApplicationPractice.Tests.SubmitOrderTest@7803bfd]" started-at="2024-07-16T15:55:49 IST" name="tearDown" finished-at="2024-07-16T15:55:49 IST" duration-ms="164" status="PASS">
          <reporter-output>
          </reporter-output>
        </test-method> <!-- tearDown -->
        <test-method is-config="true" signature="launchApplication()[pri:0, instance:EcommerceApplicationPractice.Tests.SubmitOrderTest@7803bfd]" started-at="2024-07-16T15:55:49 IST" name="launchApplication" finished-at="2024-07-16T15:55:55 IST" duration-ms="5649" status="PASS">
          <reporter-output>
          </reporter-output>
        </test-method> <!-- launchApplication -->
        <test-method signature="OrderHistoryTest()[pri:0, instance:EcommerceApplicationPractice.Tests.SubmitOrderTest@7803bfd]" started-at="2024-07-16T15:55:55 IST" name="OrderHistoryTest" finished-at="2024-07-16T15:55:57 IST" depends-on-methods="EcommerceApplicationPractice.Tests.SubmitOrderTest.submitOrder" duration-ms="2305" status="PASS">
          <reporter-output>
          </reporter-output>
        </test-method> <!-- OrderHistoryTest -->
        <test-method is-config="true" signature="tearDown()[pri:0, instance:EcommerceApplicationPractice.Tests.SubmitOrderTest@7803bfd]" started-at="2024-07-16T15:55:57 IST" name="tearDown" finished-at="2024-07-16T15:55:57 IST" duration-ms="218" status="PASS">
          <reporter-output>
          </reporter-output>
        </test-method> <!-- tearDown -->
      </class> <!-- EcommerceApplicationPractice.Tests.SubmitOrderTest -->
    </test> <!-- Submit Order Test -->
  </suite> <!-- Suite -->
</testng-results>
