<?xml version="1.0" encoding="UTF-8"?>
<!-- Generated by org.testng.reporters.JUnitXMLReporter -->
<testsuite ignored="0" hostname="sharanabasappa" failures="0" tests="2" name="Error Validation Test" time="33.426" errors="0" timestamp="2024-07-16T15:55:45 IST">
  <testcase classname="EcommerceApplicationPractice.Tests.ErrorValidation" name="LoginErrorValidation" time="0.988"/>
  <testcase classname="EcommerceApplicationPractice.Tests.ErrorValidation" name="procucatErrorValidation" time="3.254"/>
</testsuite> <!-- Error Validation Test -->
