<?xml version="1.0" encoding="UTF-8"?>
<!-- Generated by org.testng.reporters.JUnitXMLReporter -->
<testsuite ignored="0" hostname="sharanabasappa" failures="0" tests="3" name="Submit Order Test" time="45.229" errors="0" timestamp="2024-05-28T19:02:19 IST">
  <testcase classname="EcommerceApplicationPractice.Tests.SubmitOrderTest" name="submitOrder" time="4.923"/>
  <testcase classname="EcommerceApplicationPractice.Tests.SubmitOrderTest" name="submitOrder" time="17.338"/>
  <testcase classname="EcommerceApplicationPractice.Tests.SubmitOrderTest" name="OrderHistoryTest" time="2.995"/>
</testsuite> <!-- Submit Order Test -->
