<?xml version="1.0" encoding="UTF-8"?>
<!-- Generated by org.testng.reporters.JUnitXMLReporter -->
<testsuite ignored="0" hostname="sharanabasappa" failures="0" tests="2" name="Error Validation Test" time="34.395" errors="0" timestamp="2024-07-04T12:35:21 IST">
  <testcase classname="EcommerceApplicationPractice.Tests.ErrorValidation" name="LoginErrorValidation" time="1.056"/>
  <testcase classname="EcommerceApplicationPractice.Tests.ErrorValidation" name="procucatErrorValidation" time="14.564"/>
</testsuite> <!-- Error Validation Test -->
